[11/11/2020 21:45:39] [plugins/mysql] error #1318 while executing query "CALL `insertItem`(36, 1824408, 1, -1730.112061, -120.265099, 3.554600, 8)": Incorrect number of arguments for PROCEDURE surviveall.insertItem; expected 6, got 7 (E:\PRG\Pawn\SurviveAll\gamemodes\SurviveAll.pwn:21242)
[11/11/2020 21:45:39] [plugins/mysql] cache_set_active: invalid cache id '0' (E:\PRG\Pawn\SurviveAll\gamemodes\SurviveAll.pwn:21243)
[11/11/2020 21:45:39] [plugins/mysql] cache_get_value_name_int: no active cache (E:\PRG\Pawn\SurviveAll\gamemodes\SurviveAll.pwn:21244)
[11/11/2020 21:45:39] [plugins/mysql] cache_delete: invalid cache id '0' (E:\PRG\Pawn\SurviveAll\gamemodes\SurviveAll.pwn:21245)
[11/11/2020 21:45:50] [plugins/mysql] error #1318 while executing query "CALL `insertItem`(31, 1824408, 1, -2666.273193, 1398.649658, 55.812500, 8)": Incorrect number of arguments for PROCEDURE surviveall.insertItem; expected 6, got 7 (E:\PRG\Pawn\SurviveAll\gamemodes\SurviveAll.pwn:21242)
[11/11/2020 21:45:50] [plugins/mysql] cache_set_active: invalid cache id '0' (E:\PRG\Pawn\SurviveAll\gamemodes\SurviveAll.pwn:21243)
[11/11/2020 21:45:50] [plugins/mysql] cache_get_value_name_int: no active cache (E:\PRG\Pawn\SurviveAll\gamemodes\SurviveAll.pwn:21244)
[11/11/2020 21:45:50] [plugins/mysql] cache_delete: invalid cache id '0' (E:\PRG\Pawn\SurviveAll\gamemodes\SurviveAll.pwn:21245)
[11/11/2020 21:46:01] [plugins/mysql] error #1318 while executing query "CALL `insertItem`(25, 1824408, 1, -2690.340088, 1374.186157, 55.816601, 8)": Incorrect number of arguments for PROCEDURE surviveall.insertItem; expected 6, got 7 (E:\PRG\Pawn\SurviveAll\gamemodes\SurviveAll.pwn:21242)
[11/11/2020 21:46:01] [plugins/mysql] cache_set_active: invalid cache id '0' (E:\PRG\Pawn\SurviveAll\gamemodes\SurviveAll.pwn:21243)
[11/11/2020 21:46:01] [plugins/mysql] cache_get_value_name_int: no active cache (E:\PRG\Pawn\SurviveAll\gamemodes\SurviveAll.pwn:21244)
[11/11/2020 21:46:01] [plugins/mysql] cache_delete: invalid cache id '0' (E:\PRG\Pawn\SurviveAll\gamemodes\SurviveAll.pwn:21245)
[11/11/2020 21:46:02] [plugins/mysql] error #1267 while executing query "CALL `insertPlayerIP`("127.0.0.1", "[Pix]", 3)": Illegal mix of collations (utf8mb4_general_ci,IMPLICIT) and (utf8mb4_0900_ai_ci,IMPLICIT) for operation '=' (E:\PRG\Pawn\SurviveAll\gamemodes\SurviveAll.pwn:2020 -> E:\PRG\Pawn\SurviveAll\gamemodes\SurviveAll.pwn:2360)
[11/11/2020 21:46:13] [plugins/mysql] error #1318 while executing query "CALL `insertItem`(66, 1824408, 1, -2681.729492, 1301.582642, 55.664001, 8)": Incorrect number of arguments for PROCEDURE surviveall.insertItem; expected 6, got 7 (E:\PRG\Pawn\SurviveAll\gamemodes\SurviveAll.pwn:21242)
[11/11/2020 21:46:13] [plugins/mysql] cache_set_active: invalid cache id '0' (E:\PRG\Pawn\SurviveAll\gamemodes\SurviveAll.pwn:21243)
[11/11/2020 21:46:13] [plugins/mysql] cache_get_value_name_int: no active cache (E:\PRG\Pawn\SurviveAll\gamemodes\SurviveAll.pwn:21244)
[11/11/2020 21:46:13] [plugins/mysql] cache_delete: invalid cache id '0' (E:\PRG\Pawn\SurviveAll\gamemodes\SurviveAll.pwn:21245)
[11/11/2020 21:46:26] [plugins/mysql] error #1318 while executing query "CALL `insertItem`(45, 1824408, 1, 244.913193, -55.591599, 1.577600, 8)": Incorrect number of arguments for PROCEDURE surviveall.insertItem; expected 6, got 7 (E:\PRG\Pawn\SurviveAll\gamemodes\SurviveAll.pwn:21242)
[11/11/2020 21:46:26] [plugins/mysql] cache_set_active: invalid cache id '0' (E:\PRG\Pawn\SurviveAll\gamemodes\SurviveAll.pwn:21243)
[11/11/2020 21:46:26] [plugins/mysql] cache_get_value_name_int: no active cache (E:\PRG\Pawn\SurviveAll\gamemodes\SurviveAll.pwn:21244)
[11/11/2020 21:46:26] [plugins/mysql] cache_delete: invalid cache id '0' (E:\PRG\Pawn\SurviveAll\gamemodes\SurviveAll.pwn:21245)
[11/11/2020 21:46:39] [plugins/mysql] error #1318 while executing query "CALL `insertItem`(36, 1824408, 1, 245.124802, -58.973000, 1.577600, 8)": Incorrect number of arguments for PROCEDURE surviveall.insertItem; expected 6, got 7 (E:\PRG\Pawn\SurviveAll\gamemodes\SurviveAll.pwn:21242)
[11/11/2020 21:46:39] [plugins/mysql] cache_set_active: invalid cache id '0' (E:\PRG\Pawn\SurviveAll\gamemodes\SurviveAll.pwn:21243)
[11/11/2020 21:46:39] [plugins/mysql] cache_get_value_name_int: no active cache (E:\PRG\Pawn\SurviveAll\gamemodes\SurviveAll.pwn:21244)
[11/11/2020 21:46:39] [plugins/mysql] cache_delete: invalid cache id '0' (E:\PRG\Pawn\SurviveAll\gamemodes\SurviveAll.pwn:21245)
[11/11/2020 21:46:53] [plugins/mysql] error #1318 while executing query "CALL `insertItem`(73, 1824408, 1, 203.253296, 35.438099, 2.578100, 8)": Incorrect number of arguments for PROCEDURE surviveall.insertItem; expected 6, got 7 (E:\PRG\Pawn\SurviveAll\gamemodes\SurviveAll.pwn:21242)
[11/11/2020 21:46:53] [plugins/mysql] cache_set_active: invalid cache id '0' (E:\PRG\Pawn\SurviveAll\gamemodes\SurviveAll.pwn:21243)
[11/11/2020 21:46:53] [plugins/mysql] cache_get_value_name_int: no active cache (E:\PRG\Pawn\SurviveAll\gamemodes\SurviveAll.pwn:21244)
[11/11/2020 21:46:53] [plugins/mysql] cache_delete: invalid cache id '0' (E:\PRG\Pawn\SurviveAll\gamemodes\SurviveAll.pwn:21245)
[11/11/2020 21:47:05] [plugins/mysql] error #1318 while executing query "CALL `insertItem`(33, 1824408, 1, -2679.675537, 1215.709717, 55.429600, 8)": Incorrect number of arguments for PROCEDURE surviveall.insertItem; expected 6, got 7 (E:\PRG\Pawn\SurviveAll\gamemodes\SurviveAll.pwn:21242)
[11/11/2020 21:47:05] [plugins/mysql] cache_set_active: invalid cache id '0' (E:\PRG\Pawn\SurviveAll\gamemodes\SurviveAll.pwn:21243)
[11/11/2020 21:47:05] [plugins/mysql] cache_get_value_name_int: no active cache (E:\PRG\Pawn\SurviveAll\gamemodes\SurviveAll.pwn:21244)
[11/11/2020 21:47:05] [plugins/mysql] cache_delete: invalid cache id '0' (E:\PRG\Pawn\SurviveAll\gamemodes\SurviveAll.pwn:21245)
[11/11/2020 21:47:16] [plugins/mysql] error #1318 while executing query "CALL `insertItem`(74, 1824408, 1, -2677.543701, 1265.840820, 55.429600, 8)": Incorrect number of arguments for PROCEDURE surviveall.insertItem; expected 6, got 7 (E:\PRG\Pawn\SurviveAll\gamemodes\SurviveAll.pwn:21242)
[11/11/2020 21:47:16] [plugins/mysql] cache_set_active: invalid cache id '0' (E:\PRG\Pawn\SurviveAll\gamemodes\SurviveAll.pwn:21243)
[11/11/2020 21:47:16] [plugins/mysql] cache_get_value_name_int: no active cache (E:\PRG\Pawn\SurviveAll\gamemodes\SurviveAll.pwn:21244)
[11/11/2020 21:47:16] [plugins/mysql] cache_delete: invalid cache id '0' (E:\PRG\Pawn\SurviveAll\gamemodes\SurviveAll.pwn:21245)
[11/11/2020 21:47:27] [plugins/mysql] error #1318 while executing query "CALL `insertItem`(72, 1824408, 1, -2603.063965, 1122.598145, 56.684399, 8)": Incorrect number of arguments for PROCEDURE surviveall.insertItem; expected 6, got 7 (E:\PRG\Pawn\SurviveAll\gamemodes\SurviveAll.pwn:21242)
[11/11/2020 21:47:27] [plugins/mysql] cache_set_active: invalid cache id '0' (E:\PRG\Pawn\SurviveAll\gamemodes\SurviveAll.pwn:21243)
[11/11/2020 21:47:27] [plugins/mysql] cache_get_value_name_int: no active cache (E:\PRG\Pawn\SurviveAll\gamemodes\SurviveAll.pwn:21244)
[11/11/2020 21:47:27] [plugins/mysql] cache_delete: invalid cache id '0' (E:\PRG\Pawn\SurviveAll\gamemodes\SurviveAll.pwn:21245)
[11/11/2020 21:47:38] [plugins/mysql] error #1318 while executing query "CALL `insertItem`(34, 1824408, 1, -2695.281006, 1261.521851, 55.429600, 8)": Incorrect number of arguments for PROCEDURE surviveall.insertItem; expected 6, got 7 (E:\PRG\Pawn\SurviveAll\gamemodes\SurviveAll.pwn:21242)
[11/11/2020 21:47:38] [plugins/mysql] cache_set_active: invalid cache id '0' (E:\PRG\Pawn\SurviveAll\gamemodes\SurviveAll.pwn:21243)
[11/11/2020 21:47:38] [plugins/mysql] cache_get_value_name_int: no active cache (E:\PRG\Pawn\SurviveAll\gamemodes\SurviveAll.pwn:21244)
[11/11/2020 21:47:38] [plugins/mysql] cache_delete: invalid cache id '0' (E:\PRG\Pawn\SurviveAll\gamemodes\SurviveAll.pwn:21245)
[11/11/2020 21:47:49] [plugins/mysql] error #1318 while executing query "CALL `insertItem`(67, 1824408, 1, -2547.335938, 1094.280029, 55.578098, 8)": Incorrect number of arguments for PROCEDURE surviveall.insertItem; expected 6, got 7 (E:\PRG\Pawn\SurviveAll\gamemodes\SurviveAll.pwn:21242)
[11/11/2020 21:47:49] [plugins/mysql] cache_set_active: invalid cache id '0' (E:\PRG\Pawn\SurviveAll\gamemodes\SurviveAll.pwn:21243)
[11/11/2020 21:47:49] [plugins/mysql] cache_get_value_name_int: no active cache (E:\PRG\Pawn\SurviveAll\gamemodes\SurviveAll.pwn:21244)
[11/11/2020 21:47:49] [plugins/mysql] cache_delete: invalid cache id '0' (E:\PRG\Pawn\SurviveAll\gamemodes\SurviveAll.pwn:21245)
[11/11/2020 21:48:01] [plugins/mysql] error #1318 while executing query "CALL `insertItem`(63, 1824408, 1, -2663.570068, 1176.874268, 55.429600, 8)": Incorrect number of arguments for PROCEDURE surviveall.insertItem; expected 6, got 7 (E:\PRG\Pawn\SurviveAll\gamemodes\SurviveAll.pwn:21242)
[11/11/2020 21:48:01] [plugins/mysql] cache_set_active: invalid cache id '0' (E:\PRG\Pawn\SurviveAll\gamemodes\SurviveAll.pwn:21243)
[11/11/2020 21:48:01] [plugins/mysql] cache_get_value_name_int: no active cache (E:\PRG\Pawn\SurviveAll\gamemodes\SurviveAll.pwn:21244)
[11/11/2020 21:48:01] [plugins/mysql] cache_delete: invalid cache id '0' (E:\PRG\Pawn\SurviveAll\gamemodes\SurviveAll.pwn:21245)
[11/11/2020 21:48:12] [plugins/mysql] error #1318 while executing query "CALL `insertItem`(67, 1824408, 1, 133.762299, -11.156300, 1.578100, 8)": Incorrect number of arguments for PROCEDURE surviveall.insertItem; expected 6, got 7 (E:\PRG\Pawn\SurviveAll\gamemodes\SurviveAll.pwn:21242)
[11/11/2020 21:48:12] [plugins/mysql] cache_set_active: invalid cache id '0' (E:\PRG\Pawn\SurviveAll\gamemodes\SurviveAll.pwn:21243)
[11/11/2020 21:48:12] [plugins/mysql] cache_get_value_name_int: no active cache (E:\PRG\Pawn\SurviveAll\gamemodes\SurviveAll.pwn:21244)
[11/11/2020 21:48:12] [plugins/mysql] cache_delete: invalid cache id '0' (E:\PRG\Pawn\SurviveAll\gamemodes\SurviveAll.pwn:21245)
[11/11/2020 21:48:23] [plugins/mysql] error #1318 while executing query "CALL `insertItem`(27, 1824408, 1, -2490.877441, 1137.354858, 55.726501, 8)": Incorrect number of arguments for PROCEDURE surviveall.insertItem; expected 6, got 7 (E:\PRG\Pawn\SurviveAll\gamemodes\SurviveAll.pwn:21242)
[11/11/2020 21:48:23] [plugins/mysql] cache_set_active: invalid cache id '0' (E:\PRG\Pawn\SurviveAll\gamemodes\SurviveAll.pwn:21243)
[11/11/2020 21:48:23] [plugins/mysql] cache_get_value_name_int: no active cache (E:\PRG\Pawn\SurviveAll\gamemodes\SurviveAll.pwn:21244)
[11/11/2020 21:48:23] [plugins/mysql] cache_delete: invalid cache id '0' (E:\PRG\Pawn\SurviveAll\gamemodes\SurviveAll.pwn:21245)
[11/11/2020 21:48:34] [plugins/mysql] error #1318 while executing query "CALL `insertItem`(81, 1824408, 1, -2566.408203, 1148.045654, 55.726501, 8)": Incorrect number of arguments for PROCEDURE surviveall.insertItem; expected 6, got 7 (E:\PRG\Pawn\SurviveAll\gamemodes\SurviveAll.pwn:21242)
[11/11/2020 21:48:34] [plugins/mysql] cache_set_active: invalid cache id '0' (E:\PRG\Pawn\SurviveAll\gamemodes\SurviveAll.pwn:21243)
[11/11/2020 21:48:34] [plugins/mysql] cache_get_value_name_int: no active cache (E:\PRG\Pawn\SurviveAll\gamemodes\SurviveAll.pwn:21244)
[11/11/2020 21:48:34] [plugins/mysql] cache_delete: invalid cache id '0' (E:\PRG\Pawn\SurviveAll\gamemodes\SurviveAll.pwn:21245)
[11/11/2020 21:48:45] [plugins/mysql] error #1318 while executing query "CALL `insertItem`(38, 1824408, 1, -2541.461182, 967.583618, 73.557404, 8)": Incorrect number of arguments for PROCEDURE surviveall.insertItem; expected 6, got 7 (E:\PRG\Pawn\SurviveAll\gamemodes\SurviveAll.pwn:21242)
[11/11/2020 21:48:45] [plugins/mysql] cache_set_active: invalid cache id '0' (E:\PRG\Pawn\SurviveAll\gamemodes\SurviveAll.pwn:21243)
[11/11/2020 21:48:45] [plugins/mysql] cache_get_value_name_int: no active cache (E:\PRG\Pawn\SurviveAll\gamemodes\SurviveAll.pwn:21244)
[11/11/2020 21:48:45] [plugins/mysql] cache_delete: invalid cache id '0' (E:\PRG\Pawn\SurviveAll\gamemodes\SurviveAll.pwn:21245)
[11/11/2020 21:48:56] [plugins/mysql] error #1318 while executing query "CALL `insertItem`(110, 1824408, 1, 133.785294, -36.229900, 1.578100, 8)": Incorrect number of arguments for PROCEDURE surviveall.insertItem; expected 6, got 7 (E:\PRG\Pawn\SurviveAll\gamemodes\SurviveAll.pwn:21242)
[11/11/2020 21:48:56] [plugins/mysql] cache_set_active: invalid cache id '0' (E:\PRG\Pawn\SurviveAll\gamemodes\SurviveAll.pwn:21243)
[11/11/2020 21:48:56] [plugins/mysql] cache_get_value_name_int: no active cache (E:\PRG\Pawn\SurviveAll\gamemodes\SurviveAll.pwn:21244)
[11/11/2020 21:48:56] [plugins/mysql] cache_delete: invalid cache id '0' (E:\PRG\Pawn\SurviveAll\gamemodes\SurviveAll.pwn:21245)
[11/11/2020 21:49:08] [plugins/mysql] error #1318 while executing query "CALL `insertItem`(81, 1824408, 1, -2572.922607, 918.879517, 64.984299, 8)": Incorrect number of arguments for PROCEDURE surviveall.insertItem; expected 6, got 7 (E:\PRG\Pawn\SurviveAll\gamemodes\SurviveAll.pwn:21242)
[11/11/2020 21:49:08] [plugins/mysql] cache_set_active: invalid cache id '0' (E:\PRG\Pawn\SurviveAll\gamemodes\SurviveAll.pwn:21243)
[11/11/2020 21:49:08] [plugins/mysql] cache_get_value_name_int: no active cache (E:\PRG\Pawn\SurviveAll\gamemodes\SurviveAll.pwn:21244)
[11/11/2020 21:49:08] [plugins/mysql] cache_delete: invalid cache id '0' (E:\PRG\Pawn\SurviveAll\gamemodes\SurviveAll.pwn:21245)
[11/11/2020 21:49:19] [plugins/mysql] error #1318 while executing query "CALL `insertItem`(58, 1824408, 1, -2570.924561, 934.590576, 64.984299, 8)": Incorrect number of arguments for PROCEDURE surviveall.insertItem; expected 6, got 7 (E:\PRG\Pawn\SurviveAll\gamemodes\SurviveAll.pwn:21242)
[11/11/2020 21:49:19] [plugins/mysql] cache_set_active: invalid cache id '0' (E:\PRG\Pawn\SurviveAll\gamemodes\SurviveAll.pwn:21243)
[11/11/2020 21:49:19] [plugins/mysql] cache_get_value_name_int: no active cache (E:\PRG\Pawn\SurviveAll\gamemodes\SurviveAll.pwn:21244)
[11/11/2020 21:49:19] [plugins/mysql] cache_delete: invalid cache id '0' (E:\PRG\Pawn\SurviveAll\gamemodes\SurviveAll.pwn:21245)
[11/11/2020 21:49:30] [plugins/mysql] error #1318 while executing query "CALL `insertItem`(72, 1824408, 1, -2512.845459, 1053.993164, 64.677803, 8)": Incorrect number of arguments for PROCEDURE surviveall.insertItem; expected 6, got 7 (E:\PRG\Pawn\SurviveAll\gamemodes\SurviveAll.pwn:21242)
[11/11/2020 21:49:30] [plugins/mysql] cache_set_active: invalid cache id '0' (E:\PRG\Pawn\SurviveAll\gamemodes\SurviveAll.pwn:21243)
[11/11/2020 21:49:30] [plugins/mysql] cache_get_value_name_int: no active cache (E:\PRG\Pawn\SurviveAll\gamemodes\SurviveAll.pwn:21244)
[11/11/2020 21:49:30] [plugins/mysql] cache_delete: invalid cache id '0' (E:\PRG\Pawn\SurviveAll\gamemodes\SurviveAll.pwn:21245)
[11/11/2020 21:49:41] [plugins/mysql] error #1318 while executing query "CALL `insertItem`(25, 1824408, 1, -2587.601563, 978.664795, 78.273399, 8)": Incorrect number of arguments for PROCEDURE surviveall.insertItem; expected 6, got 7 (E:\PRG\Pawn\SurviveAll\gamemodes\SurviveAll.pwn:21242)
[11/11/2020 21:49:41] [plugins/mysql] cache_set_active: invalid cache id '0' (E:\PRG\Pawn\SurviveAll\gamemodes\SurviveAll.pwn:21243)
[11/11/2020 21:49:41] [plugins/mysql] cache_get_value_name_int: no active cache (E:\PRG\Pawn\SurviveAll\gamemodes\SurviveAll.pwn:21244)
[11/11/2020 21:49:41] [plugins/mysql] cache_delete: invalid cache id '0' (E:\PRG\Pawn\SurviveAll\gamemodes\SurviveAll.pwn:21245)
[11/11/2020 21:49:52] [plugins/mysql] error #1318 while executing query "CALL `insertItem`(30, 1824408, 1, -2672.441406, 1283.553833, 56.484299, 8)": Incorrect number of arguments for PROCEDURE surviveall.insertItem; expected 6, got 7 (E:\PRG\Pawn\SurviveAll\gamemodes\SurviveAll.pwn:21242)
[11/11/2020 21:49:52] [plugins/mysql] cache_set_active: invalid cache id '0' (E:\PRG\Pawn\SurviveAll\gamemodes\SurviveAll.pwn:21243)
[11/11/2020 21:49:52] [plugins/mysql] cache_get_value_name_int: no active cache (E:\PRG\Pawn\SurviveAll\gamemodes\SurviveAll.pwn:21244)
[11/11/2020 21:49:52] [plugins/mysql] cache_delete: invalid cache id '0' (E:\PRG\Pawn\SurviveAll\gamemodes\SurviveAll.pwn:21245)
[11/11/2020 21:50:03] [plugins/mysql] error #1318 while executing query "CALL `insertItem`(31, 1824408, 1, 153.848801, -60.047001, 1.578100, 8)": Incorrect number of arguments for PROCEDURE surviveall.insertItem; expected 6, got 7 (E:\PRG\Pawn\SurviveAll\gamemodes\SurviveAll.pwn:21242)
[11/11/2020 21:50:03] [plugins/mysql] cache_set_active: invalid cache id '0' (E:\PRG\Pawn\SurviveAll\gamemodes\SurviveAll.pwn:21243)
[11/11/2020 21:50:03] [plugins/mysql] cache_get_value_name_int: no active cache (E:\PRG\Pawn\SurviveAll\gamemodes\SurviveAll.pwn:21244)
[11/11/2020 21:50:03] [plugins/mysql] cache_delete: invalid cache id '0' (E:\PRG\Pawn\SurviveAll\gamemodes\SurviveAll.pwn:21245)
[11/11/2020 21:50:15] [plugins/mysql] error #1318 while executing query "CALL `insertItem`(8, 1824408, 1, -2573.512695, 897.532410, 64.984299, 8)": Incorrect number of arguments for PROCEDURE surviveall.insertItem; expected 6, got 7 (E:\PRG\Pawn\SurviveAll\gamemodes\SurviveAll.pwn:21242)
[11/11/2020 21:50:15] [plugins/mysql] cache_set_active: invalid cache id '0' (E:\PRG\Pawn\SurviveAll\gamemodes\SurviveAll.pwn:21243)
[11/11/2020 21:50:15] [plugins/mysql] cache_get_value_name_int: no active cache (E:\PRG\Pawn\SurviveAll\gamemodes\SurviveAll.pwn:21244)
[11/11/2020 21:50:15] [plugins/mysql] cache_delete: invalid cache id '0' (E:\PRG\Pawn\SurviveAll\gamemodes\SurviveAll.pwn:21245)
[11/11/2020 21:50:26] [plugins/mysql] error #1318 while executing query "CALL `insertItem`(66, 1824408, 1, -2541.250000, 939.352600, 64.000000, 8)": Incorrect number of arguments for PROCEDURE surviveall.insertItem; expected 6, got 7 (E:\PRG\Pawn\SurviveAll\gamemodes\SurviveAll.pwn:21242)
[11/11/2020 21:50:26] [plugins/mysql] cache_set_active: invalid cache id '0' (E:\PRG\Pawn\SurviveAll\gamemodes\SurviveAll.pwn:21243)
[11/11/2020 21:50:26] [plugins/mysql] cache_get_value_name_int: no active cache (E:\PRG\Pawn\SurviveAll\gamemodes\SurviveAll.pwn:21244)
[11/11/2020 21:50:26] [plugins/mysql] cache_delete: invalid cache id '0' (E:\PRG\Pawn\SurviveAll\gamemodes\SurviveAll.pwn:21245)
[11/11/2020 21:50:37] [plugins/mysql] error #1318 while executing query "CALL `insertItem`(39, 1824408, 1, -2552.657227, 887.941895, 64.987396, 8)": Incorrect number of arguments for PROCEDURE surviveall.insertItem; expected 6, got 7 (E:\PRG\Pawn\SurviveAll\gamemodes\SurviveAll.pwn:21242)
[11/11/2020 21:50:37] [plugins/mysql] cache_set_active: invalid cache id '0' (E:\PRG\Pawn\SurviveAll\gamemodes\SurviveAll.pwn:21243)
[11/11/2020 21:50:37] [plugins/mysql] cache_get_value_name_int: no active cache (E:\PRG\Pawn\SurviveAll\gamemodes\SurviveAll.pwn:21244)
[11/11/2020 21:50:37] [plugins/mysql] cache_delete: invalid cache id '0' (E:\PRG\Pawn\SurviveAll\gamemodes\SurviveAll.pwn:21245)
[11/11/2020 21:50:48] [plugins/mysql] error #1318 while executing query "CALL `insertItem`(77, 1824408, 1, -2544.583252, 896.639587, 64.984299, 8)": Incorrect number of arguments for PROCEDURE surviveall.insertItem; expected 6, got 7 (E:\PRG\Pawn\SurviveAll\gamemodes\SurviveAll.pwn:21242)
[11/11/2020 21:50:48] [plugins/mysql] cache_set_active: invalid cache id '0' (E:\PRG\Pawn\SurviveAll\gamemodes\SurviveAll.pwn:21243)
[11/11/2020 21:50:48] [plugins/mysql] cache_get_value_name_int: no active cache (E:\PRG\Pawn\SurviveAll\gamemodes\SurviveAll.pwn:21244)
[11/11/2020 21:50:48] [plugins/mysql] cache_delete: invalid cache id '0' (E:\PRG\Pawn\SurviveAll\gamemodes\SurviveAll.pwn:21245)
[11/11/2020 21:50:59] [plugins/mysql] error #1318 while executing query "CALL `insertItem`(52, 1824408, 1, -2541.854492, 922.232971, 67.093697, 8)": Incorrect number of arguments for PROCEDURE surviveall.insertItem; expected 6, got 7 (E:\PRG\Pawn\SurviveAll\gamemodes\SurviveAll.pwn:21242)
[11/11/2020 21:50:59] [plugins/mysql] cache_set_active: invalid cache id '0' (E:\PRG\Pawn\SurviveAll\gamemodes\SurviveAll.pwn:21243)
[11/11/2020 21:50:59] [plugins/mysql] cache_get_value_name_int: no active cache (E:\PRG\Pawn\SurviveAll\gamemodes\SurviveAll.pwn:21244)
[11/11/2020 21:50:59] [plugins/mysql] cache_delete: invalid cache id '0' (E:\PRG\Pawn\SurviveAll\gamemodes\SurviveAll.pwn:21245)
[11/11/2020 21:51:10] [plugins/mysql] error #1318 while executing query "CALL `insertItem`(23, 1824408, 1, -2588.218994, 848.303406, 56.832100, 8)": Incorrect number of arguments for PROCEDURE surviveall.insertItem; expected 6, got 7 (E:\PRG\Pawn\SurviveAll\gamemodes\SurviveAll.pwn:21242)
[11/11/2020 21:51:10] [plugins/mysql] cache_set_active: invalid cache id '0' (E:\PRG\Pawn\SurviveAll\gamemodes\SurviveAll.pwn:21243)
[11/11/2020 21:51:10] [plugins/mysql] cache_get_value_name_int: no active cache (E:\PRG\Pawn\SurviveAll\gamemodes\SurviveAll.pwn:21244)
[11/11/2020 21:51:10] [plugins/mysql] cache_delete: invalid cache id '0' (E:\PRG\Pawn\SurviveAll\gamemodes\SurviveAll.pwn:21245)
[11/11/2020 21:51:22] [plugins/mysql] error #1318 while executing query "CALL `insertItem`(32, 1824408, 1, -2577.596436, 819.166199, 49.984299, 8)": Incorrect number of arguments for PROCEDURE surviveall.insertItem; expected 6, got 7 (E:\PRG\Pawn\SurviveAll\gamemodes\SurviveAll.pwn:21242)
[11/11/2020 21:51:22] [plugins/mysql] cache_set_active: invalid cache id '0' (E:\PRG\Pawn\SurviveAll\gamemodes\SurviveAll.pwn:21243)
[11/11/2020 21:51:22] [plugins/mysql] cache_get_value_name_int: no active cache (E:\PRG\Pawn\SurviveAll\gamemodes\SurviveAll.pwn:21244)
[11/11/2020 21:51:22] [plugins/mysql] cache_delete: invalid cache id '0' (E:\PRG\Pawn\SurviveAll\gamemodes\SurviveAll.pwn:21245)
[11/11/2020 21:51:33] [plugins/mysql] error #1318 while executing query "CALL `insertItem`(34, 1824408, 1, -2551.996582, 818.915405, 49.991001, 8)": Incorrect number of arguments for PROCEDURE surviveall.insertItem; expected 6, got 7 (E:\PRG\Pawn\SurviveAll\gamemodes\SurviveAll.pwn:21242)
[11/11/2020 21:51:33] [plugins/mysql] cache_set_active: invalid cache id '0' (E:\PRG\Pawn\SurviveAll\gamemodes\SurviveAll.pwn:21243)
[11/11/2020 21:51:33] [plugins/mysql] cache_get_value_name_int: no active cache (E:\PRG\Pawn\SurviveAll\gamemodes\SurviveAll.pwn:21244)
[11/11/2020 21:51:33] [plugins/mysql] cache_delete: invalid cache id '0' (E:\PRG\Pawn\SurviveAll\gamemodes\SurviveAll.pwn:21245)
[11/11/2020 21:51:44] [plugins/mysql] error #1318 while executing query "CALL `insertItem`(113, 1824408, 1, 195.419006, -94.873703, 4.896500, 8)": Incorrect number of arguments for PROCEDURE surviveall.insertItem; expected 6, got 7 (E:\PRG\Pawn\SurviveAll\gamemodes\SurviveAll.pwn:21242)
[11/11/2020 21:51:44] [plugins/mysql] cache_set_active: invalid cache id '0' (E:\PRG\Pawn\SurviveAll\gamemodes\SurviveAll.pwn:21243)
[11/11/2020 21:51:44] [plugins/mysql] cache_get_value_name_int: no active cache (E:\PRG\Pawn\SurviveAll\gamemodes\SurviveAll.pwn:21244)
[11/11/2020 21:51:44] [plugins/mysql] cache_delete: invalid cache id '0' (E:\PRG\Pawn\SurviveAll\gamemodes\SurviveAll.pwn:21245)
[11/11/2020 21:51:55] [plugins/mysql] error #1318 while executing query "CALL `insertItem`(110, 1824408, 1, -2571.464111, 826.211121, 59.488701, 8)": Incorrect number of arguments for PROCEDURE surviveall.insertItem; expected 6, got 7 (E:\PRG\Pawn\SurviveAll\gamemodes\SurviveAll.pwn:21242)
[11/11/2020 21:51:55] [plugins/mysql] cache_set_active: invalid cache id '0' (E:\PRG\Pawn\SurviveAll\gamemodes\SurviveAll.pwn:21243)
[11/11/2020 21:51:55] [plugins/mysql] cache_get_value_name_int: no active cache (E:\PRG\Pawn\SurviveAll\gamemodes\SurviveAll.pwn:21244)
[11/11/2020 21:51:55] [plugins/mysql] cache_delete: invalid cache id '0' (E:\PRG\Pawn\SurviveAll\gamemodes\SurviveAll.pwn:21245)
[11/11/2020 21:52:06] [plugins/mysql] error #1318 while executing query "CALL `insertItem`(81, 1824408, 1, -2596.560059, 874.950012, 59.577202, 8)": Incorrect number of arguments for PROCEDURE surviveall.insertItem; expected 6, got 7 (E:\PRG\Pawn\SurviveAll\gamemodes\SurviveAll.pwn:21242)
[11/11/2020 21:52:06] [plugins/mysql] cache_set_active: invalid cache id '0' (E:\PRG\Pawn\SurviveAll\gamemodes\SurviveAll.pwn:21243)
[11/11/2020 21:52:06] [plugins/mysql] cache_get_value_name_int: no active cache (E:\PRG\Pawn\SurviveAll\gamemodes\SurviveAll.pwn:21244)
[11/11/2020 21:52:06] [plugins/mysql] cache_delete: invalid cache id '0' (E:\PRG\Pawn\SurviveAll\gamemodes\SurviveAll.pwn:21245)
[11/11/2020 21:52:17] [plugins/mysql] error #1318 while executing query "CALL `insertItem`(29, 1824408, 1, -2624.289307, 894.163513, 64.989304, 8)": Incorrect number of arguments for PROCEDURE surviveall.insertItem; expected 6, got 7 (E:\PRG\Pawn\SurviveAll\gamemodes\SurviveAll.pwn:21242)
[11/11/2020 21:52:17] [plugins/mysql] cache_set_active: invalid cache id '0' (E:\PRG\Pawn\SurviveAll\gamemodes\SurviveAll.pwn:21243)
[11/11/2020 21:52:17] [plugins/mysql] cache_get_value_name_int: no active cache (E:\PRG\Pawn\SurviveAll\gamemodes\SurviveAll.pwn:21244)
[11/11/2020 21:52:17] [plugins/mysql] cache_delete: invalid cache id '0' (E:\PRG\Pawn\SurviveAll\gamemodes\SurviveAll.pwn:21245)
[11/11/2020 21:52:29] [plugins/mysql] error #1318 while executing query "CALL `insertItem`(71, 1824408, 1, -2594.790771, 852.106628, 53.572498, 8)": Incorrect number of arguments for PROCEDURE surviveall.insertItem; expected 6, got 7 (E:\PRG\Pawn\SurviveAll\gamemodes\SurviveAll.pwn:21242)
[11/11/2020 21:52:29] [plugins/mysql] cache_set_active: invalid cache id '0' (E:\PRG\Pawn\SurviveAll\gamemodes\SurviveAll.pwn:21243)
[11/11/2020 21:52:29] [plugins/mysql] cache_get_value_name_int: no active cache (E:\PRG\Pawn\SurviveAll\gamemodes\SurviveAll.pwn:21244)
[11/11/2020 21:52:29] [plugins/mysql] cache_delete: invalid cache id '0' (E:\PRG\Pawn\SurviveAll\gamemodes\SurviveAll.pwn:21245)
[11/11/2020 21:52:40] [plugins/mysql] error #1318 while executing query "CALL `insertItem`(37, 1824408, 1, -2649.147949, 827.678711, 49.984299, 8)": Incorrect number of arguments for PROCEDURE surviveall.insertItem; expected 6, got 7 (E:\PRG\Pawn\SurviveAll\gamemodes\SurviveAll.pwn:21242)
[11/11/2020 21:52:40] [plugins/mysql] cache_set_active: invalid cache id '0' (E:\PRG\Pawn\SurviveAll\gamemodes\SurviveAll.pwn:21243)
[11/11/2020 21:52:40] [plugins/mysql] cache_get_value_name_int: no active cache (E:\PRG\Pawn\SurviveAll\gamemodes\SurviveAll.pwn:21244)
[11/11/2020 21:52:40] [plugins/mysql] cache_delete: invalid cache id '0' (E:\PRG\Pawn\SurviveAll\gamemodes\SurviveAll.pwn:21245)
[11/11/2020 21:52:51] [plugins/mysql] error #1318 while executing query "CALL `insertItem`(25, 1824408, 1, -2642.909912, 847.292419, 62.587101, 8)": Incorrect number of arguments for PROCEDURE surviveall.insertItem; expected 6, got 7 (E:\PRG\Pawn\SurviveAll\gamemodes\SurviveAll.pwn:21242)
[11/11/2020 21:52:51] [plugins/mysql] cache_set_active: invalid cache id '0' (E:\PRG\Pawn\SurviveAll\gamemodes\SurviveAll.pwn:21243)
[11/11/2020 21:52:51] [plugins/mysql] cache_get_value_name_int: no active cache (E:\PRG\Pawn\SurviveAll\gamemodes\SurviveAll.pwn:21244)
[11/11/2020 21:52:51] [plugins/mysql] cache_delete: invalid cache id '0' (E:\PRG\Pawn\SurviveAll\gamemodes\SurviveAll.pwn:21245)
[11/11/2020 21:53:02] [plugins/mysql] error #1318 while executing query "CALL `insertItem`(67, 1824408, 1, -2693.166992, 790.631287, 49.976501, 8)": Incorrect number of arguments for PROCEDURE surviveall.insertItem; expected 6, got 7 (E:\PRG\Pawn\SurviveAll\gamemodes\SurviveAll.pwn:21242)
[11/11/2020 21:53:02] [plugins/mysql] cache_set_active: invalid cache id '0' (E:\PRG\Pawn\SurviveAll\gamemodes\SurviveAll.pwn:21243)
[11/11/2020 21:53:02] [plugins/mysql] cache_get_value_name_int: no active cache (E:\PRG\Pawn\SurviveAll\gamemodes\SurviveAll.pwn:21244)
[11/11/2020 21:53:02] [plugins/mysql] cache_delete: invalid cache id '0' (E:\PRG\Pawn\SurviveAll\gamemodes\SurviveAll.pwn:21245)
[11/11/2020 21:53:13] [plugins/mysql] error #1318 while executing query "CALL `insertItem`(81, 1824408, 1, -2554.668701, 982.338928, 78.273399, 8)": Incorrect number of arguments for PROCEDURE surviveall.insertItem; expected 6, got 7 (E:\PRG\Pawn\SurviveAll\gamemodes\SurviveAll.pwn:21242)
[11/11/2020 21:53:13] [plugins/mysql] cache_set_active: invalid cache id '0' (E:\PRG\Pawn\SurviveAll\gamemodes\SurviveAll.pwn:21243)
[11/11/2020 21:53:13] [plugins/mysql] cache_get_value_name_int: no active cache (E:\PRG\Pawn\SurviveAll\gamemodes\SurviveAll.pwn:21244)
[11/11/2020 21:53:13] [plugins/mysql] cache_delete: invalid cache id '0' (E:\PRG\Pawn\SurviveAll\gamemodes\SurviveAll.pwn:21245)
[11/11/2020 21:53:24] [plugins/mysql] error #1318 while executing query "CALL `insertItem`(36, 1824408, 1, -2566.965576, 850.879272, 54.878101, 8)": Incorrect number of arguments for PROCEDURE surviveall.insertItem; expected 6, got 7 (E:\PRG\Pawn\SurviveAll\gamemodes\SurviveAll.pwn:21242)
[11/11/2020 21:53:24] [plugins/mysql] cache_set_active: invalid cache id '0' (E:\PRG\Pawn\SurviveAll\gamemodes\SurviveAll.pwn:21243)
[11/11/2020 21:53:24] [plugins/mysql] cache_get_value_name_int: no active cache (E:\PRG\Pawn\SurviveAll\gamemodes\SurviveAll.pwn:21244)
[11/11/2020 21:53:24] [plugins/mysql] cache_delete: invalid cache id '0' (E:\PRG\Pawn\SurviveAll\gamemodes\SurviveAll.pwn:21245)
[11/11/2020 21:53:36] [plugins/mysql] error #1318 while executing query "CALL `insertItem`(70, 1824408, 1, -2514.034180, 1007.104492, 78.336899, 8)": Incorrect number of arguments for PROCEDURE surviveall.insertItem; expected 6, got 7 (E:\PRG\Pawn\SurviveAll\gamemodes\SurviveAll.pwn:21242)
[11/11/2020 21:53:36] [plugins/mysql] cache_set_active: invalid cache id '0' (E:\PRG\Pawn\SurviveAll\gamemodes\SurviveAll.pwn:21243)
[11/11/2020 21:53:36] [plugins/mysql] cache_get_value_name_int: no active cache (E:\PRG\Pawn\SurviveAll\gamemodes\SurviveAll.pwn:21244)
[11/11/2020 21:53:36] [plugins/mysql] cache_delete: invalid cache id '0' (E:\PRG\Pawn\SurviveAll\gamemodes\SurviveAll.pwn:21245)
[11/11/2020 21:53:47] [plugins/mysql] error #1318 while executing query "CALL `insertItem`(113, 1824408, 1, -2677.746582, 837.148804, 49.984299, 8)": Incorrect number of arguments for PROCEDURE surviveall.insertItem; expected 6, got 7 (E:\PRG\Pawn\SurviveAll\gamemodes\SurviveAll.pwn:21242)
[11/11/2020 21:53:47] [plugins/mysql] cache_set_active: invalid cache id '0' (E:\PRG\Pawn\SurviveAll\gamemodes\SurviveAll.pwn:21243)
[11/11/2020 21:53:47] [plugins/mysql] cache_get_value_name_int: no active cache (E:\PRG\Pawn\SurviveAll\gamemodes\SurviveAll.pwn:21244)
[11/11/2020 21:53:47] [plugins/mysql] cache_delete: invalid cache id '0' (E:\PRG\Pawn\SurviveAll\gamemodes\SurviveAll.pwn:21245)
[11/11/2020 21:53:58] [plugins/mysql] error #1318 while executing query "CALL `insertItem`(81, 1824408, 1, -2695.481689, 720.395813, 34.782398, 8)": Incorrect number of arguments for PROCEDURE surviveall.insertItem; expected 6, got 7 (E:\PRG\Pawn\SurviveAll\gamemodes\SurviveAll.pwn:21242)
[11/11/2020 21:53:58] [plugins/mysql] cache_set_active: invalid cache id '0' (E:\PRG\Pawn\SurviveAll\gamemodes\SurviveAll.pwn:21243)
[11/11/2020 21:53:58] [plugins/mysql] cache_get_value_name_int: no active cache (E:\PRG\Pawn\SurviveAll\gamemodes\SurviveAll.pwn:21244)
[11/11/2020 21:53:58] [plugins/mysql] cache_delete: invalid cache id '0' (E:\PRG\Pawn\SurviveAll\gamemodes\SurviveAll.pwn:21245)
[11/11/2020 21:54:09] [plugins/mysql] error #1318 while executing query "CALL `insertItem`(32, 1824408, 1, -2740.512207, 770.028809, 54.382801, 8)": Incorrect number of arguments for PROCEDURE surviveall.insertItem; expected 6, got 7 (E:\PRG\Pawn\SurviveAll\gamemodes\SurviveAll.pwn:21242)
[11/11/2020 21:54:09] [plugins/mysql] cache_set_active: invalid cache id '0' (E:\PRG\Pawn\SurviveAll\gamemodes\SurviveAll.pwn:21243)
[11/11/2020 21:54:09] [plugins/mysql] cache_get_value_name_int: no active cache (E:\PRG\Pawn\SurviveAll\gamemodes\SurviveAll.pwn:21244)
[11/11/2020 21:54:09] [plugins/mysql] cache_delete: invalid cache id '0' (E:\PRG\Pawn\SurviveAll\gamemodes\SurviveAll.pwn:21245)
[11/11/2020 21:54:20] [plugins/mysql] error #1318 while executing query "CALL `insertItem`(28, 1824408, 1, 157.881607, -107.645103, 1.554500, 8)": Incorrect number of arguments for PROCEDURE surviveall.insertItem; expected 6, got 7 (E:\PRG\Pawn\SurviveAll\gamemodes\SurviveAll.pwn:21242)
[11/11/2020 21:54:20] [plugins/mysql] cache_set_active: invalid cache id '0' (E:\PRG\Pawn\SurviveAll\gamemodes\SurviveAll.pwn:21243)
[11/11/2020 21:54:20] [plugins/mysql] cache_get_value_name_int: no active cache (E:\PRG\Pawn\SurviveAll\gamemodes\SurviveAll.pwn:21244)
[11/11/2020 21:54:20] [plugins/mysql] cache_delete: invalid cache id '0' (E:\PRG\Pawn\SurviveAll\gamemodes\SurviveAll.pwn:21245)
[11/11/2020 21:54:31] [plugins/mysql] error #1318 while executing query "CALL `insertItem`(38, 1824408, 1, -2618.641113, 772.562927, 41.638302, 8)": Incorrect number of arguments for PROCEDURE surviveall.insertItem; expected 6, got 7 (E:\PRG\Pawn\SurviveAll\gamemodes\SurviveAll.pwn:21242)
[11/11/2020 21:54:31] [plugins/mysql] cache_set_active: invalid cache id '0' (E:\PRG\Pawn\SurviveAll\gamemodes\SurviveAll.pwn:21243)
[11/11/2020 21:54:31] [plugins/mysql] cache_get_value_name_int: no active cache (E:\PRG\Pawn\SurviveAll\gamemodes\SurviveAll.pwn:21244)
[11/11/2020 21:54:31] [plugins/mysql] cache_delete: invalid cache id '0' (E:\PRG\Pawn\SurviveAll\gamemodes\SurviveAll.pwn:21245)
[11/11/2020 21:54:43] [plugins/mysql] error #1318 while executing query "CALL `insertItem`(8, 1824408, 1, 161.222794, -117.008202, 4.896500, 8)": Incorrect number of arguments for PROCEDURE surviveall.insertItem; expected 6, got 7 (E:\PRG\Pawn\SurviveAll\gamemodes\SurviveAll.pwn:21242)
[11/11/2020 21:54:43] [plugins/mysql] cache_set_active: invalid cache id '0' (E:\PRG\Pawn\SurviveAll\gamemodes\SurviveAll.pwn:21243)
[11/11/2020 21:54:43] [plugins/mysql] cache_get_value_name_int: no active cache (E:\PRG\Pawn\SurviveAll\gamemodes\SurviveAll.pwn:21244)
[11/11/2020 21:54:43] [plugins/mysql] cache_delete: invalid cache id '0' (E:\PRG\Pawn\SurviveAll\gamemodes\SurviveAll.pwn:21245)
[11/11/2020 21:54:54] [plugins/mysql] error #1318 while executing query "CALL `insertItem`(30, 1824408, 1, -2431.692139, 920.049622, 50.578098, 8)": Incorrect number of arguments for PROCEDURE surviveall.insertItem; expected 6, got 7 (E:\PRG\Pawn\SurviveAll\gamemodes\SurviveAll.pwn:21242)
[11/11/2020 21:54:54] [plugins/mysql] cache_set_active: invalid cache id '0' (E:\PRG\Pawn\SurviveAll\gamemodes\SurviveAll.pwn:21243)
[11/11/2020 21:54:54] [plugins/mysql] cache_get_value_name_int: no active cache (E:\PRG\Pawn\SurviveAll\gamemodes\SurviveAll.pwn:21244)
[11/11/2020 21:54:54] [plugins/mysql] cache_delete: invalid cache id '0' (E:\PRG\Pawn\SurviveAll\gamemodes\SurviveAll.pwn:21245)
[11/11/2020 21:55:05] [plugins/mysql] error #1318 while executing query "CALL `insertItem`(23, 1824408, 1, -2594.187500, 745.779602, 31.911600, 8)": Incorrect number of arguments for PROCEDURE surviveall.insertItem; expected 6, got 7 (E:\PRG\Pawn\SurviveAll\gamemodes\SurviveAll.pwn:21242)
[11/11/2020 21:55:05] [plugins/mysql] cache_set_active: invalid cache id '0' (E:\PRG\Pawn\SurviveAll\gamemodes\SurviveAll.pwn:21243)
[11/11/2020 21:55:05] [plugins/mysql] cache_get_value_name_int: no active cache (E:\PRG\Pawn\SurviveAll\gamemodes\SurviveAll.pwn:21244)
[11/11/2020 21:55:05] [plugins/mysql] cache_delete: invalid cache id '0' (E:\PRG\Pawn\SurviveAll\gamemodes\SurviveAll.pwn:21245)
[11/11/2020 21:55:16] [plugins/mysql] error #1318 while executing query "CALL `insertItem`(66, 1824408, 1, -2593.412842, 834.772705, 52.093700, 8)": Incorrect number of arguments for PROCEDURE surviveall.insertItem; expected 6, got 7 (E:\PRG\Pawn\SurviveAll\gamemodes\SurviveAll.pwn:21242)
[11/11/2020 21:55:16] [plugins/mysql] cache_set_active: invalid cache id '0' (E:\PRG\Pawn\SurviveAll\gamemodes\SurviveAll.pwn:21243)
[11/11/2020 21:55:16] [plugins/mysql] cache_get_value_name_int: no active cache (E:\PRG\Pawn\SurviveAll\gamemodes\SurviveAll.pwn:21244)
[11/11/2020 21:55:16] [plugins/mysql] cache_delete: invalid cache id '0' (E:\PRG\Pawn\SurviveAll\gamemodes\SurviveAll.pwn:21245)
[11/11/2020 21:55:27] [plugins/mysql] error #1318 while executing query "CALL `insertItem`(34, 1824408, 1, -2360.419922, 817.148804, 37.898300, 8)": Incorrect number of arguments for PROCEDURE surviveall.insertItem; expected 6, got 7 (E:\PRG\Pawn\SurviveAll\gamemodes\SurviveAll.pwn:21242)
[11/11/2020 21:55:27] [plugins/mysql] cache_set_active: invalid cache id '0' (E:\PRG\Pawn\SurviveAll\gamemodes\SurviveAll.pwn:21243)
[11/11/2020 21:55:27] [plugins/mysql] cache_get_value_name_int: no active cache (E:\PRG\Pawn\SurviveAll\gamemodes\SurviveAll.pwn:21244)
[11/11/2020 21:55:27] [plugins/mysql] cache_delete: invalid cache id '0' (E:\PRG\Pawn\SurviveAll\gamemodes\SurviveAll.pwn:21245)
[11/11/2020 21:55:38] [plugins/mysql] error #1318 while executing query "CALL `insertItem`(81, 1824408, 1, -2470.250488, 918.621216, 63.115898, 8)": Incorrect number of arguments for PROCEDURE surviveall.insertItem; expected 6, got 7 (E:\PRG\Pawn\SurviveAll\gamemodes\SurviveAll.pwn:21242)
[11/11/2020 21:55:38] [plugins/mysql] cache_set_active: invalid cache id '0' (E:\PRG\Pawn\SurviveAll\gamemodes\SurviveAll.pwn:21243)
[11/11/2020 21:55:38] [plugins/mysql] cache_get_value_name_int: no active cache (E:\PRG\Pawn\SurviveAll\gamemodes\SurviveAll.pwn:21244)
[11/11/2020 21:55:38] [plugins/mysql] cache_delete: invalid cache id '0' (E:\PRG\Pawn\SurviveAll\gamemodes\SurviveAll.pwn:21245)
[11/11/2020 21:55:50] [plugins/mysql] error #1318 while executing query "CALL `insertItem`(31, 1824408, 1, -2234.207275, 892.199829, 66.652702, 8)": Incorrect number of arguments for PROCEDURE surviveall.insertItem; expected 6, got 7 (E:\PRG\Pawn\SurviveAll\gamemodes\SurviveAll.pwn:21242)
[11/11/2020 21:55:50] [plugins/mysql] cache_set_active: invalid cache id '0' (E:\PRG\Pawn\SurviveAll\gamemodes\SurviveAll.pwn:21243)
[11/11/2020 21:55:50] [plugins/mysql] cache_get_value_name_int: no active cache (E:\PRG\Pawn\SurviveAll\gamemodes\SurviveAll.pwn:21244)
[11/11/2020 21:55:50] [plugins/mysql] cache_delete: invalid cache id '0' (E:\PRG\Pawn\SurviveAll\gamemodes\SurviveAll.pwn:21245)
[11/11/2020 21:56:01] [plugins/mysql] error #1318 while executing query "CALL `insertItem`(38, 1824408, 1, -2664.098145, 719.604187, 27.933901, 8)": Incorrect number of arguments for PROCEDURE surviveall.insertItem; expected 6, got 7 (E:\PRG\Pawn\SurviveAll\gamemodes\SurviveAll.pwn:21242)
[11/11/2020 21:56:01] [plugins/mysql] cache_set_active: invalid cache id '0' (E:\PRG\Pawn\SurviveAll\gamemodes\SurviveAll.pwn:21243)
[11/11/2020 21:56:01] [plugins/mysql] cache_get_value_name_int: no active cache (E:\PRG\Pawn\SurviveAll\gamemodes\SurviveAll.pwn:21244)
[11/11/2020 21:56:01] [plugins/mysql] cache_delete: invalid cache id '0' (E:\PRG\Pawn\SurviveAll\gamemodes\SurviveAll.pwn:21245)
[11/11/2020 21:56:12] [plugins/mysql] error #1318 while executing query "CALL `insertItem`(64, 1824408, 1, -2278.557373, 944.890930, 66.648399, 8)": Incorrect number of arguments for PROCEDURE surviveall.insertItem; expected 6, got 7 (E:\PRG\Pawn\SurviveAll\gamemodes\SurviveAll.pwn:21242)
[11/11/2020 21:56:12] [plugins/mysql] cache_set_active: invalid cache id '0' (E:\PRG\Pawn\SurviveAll\gamemodes\SurviveAll.pwn:21243)
[11/11/2020 21:56:12] [plugins/mysql] cache_get_value_name_int: no active cache (E:\PRG\Pawn\SurviveAll\gamemodes\SurviveAll.pwn:21244)
[11/11/2020 21:56:12] [plugins/mysql] cache_delete: invalid cache id '0' (E:\PRG\Pawn\SurviveAll\gamemodes\SurviveAll.pwn:21245)
[11/11/2020 21:56:23] [plugins/mysql] error #1318 while executing query "CALL `insertItem`(32, 1824408, 1, -2321.498779, 797.365112, 45.306900, 8)": Incorrect number of arguments for PROCEDURE surviveall.insertItem; expected 6, got 7 (E:\PRG\Pawn\SurviveAll\gamemodes\SurviveAll.pwn:21242)
[11/11/2020 21:56:23] [plugins/mysql] cache_set_active: invalid cache id '0' (E:\PRG\Pawn\SurviveAll\gamemodes\SurviveAll.pwn:21243)
[11/11/2020 21:56:23] [plugins/mysql] cache_get_value_name_int: no active cache (E:\PRG\Pawn\SurviveAll\gamemodes\SurviveAll.pwn:21244)
[11/11/2020 21:56:23] [plugins/mysql] cache_delete: invalid cache id '0' (E:\PRG\Pawn\SurviveAll\gamemodes\SurviveAll.pwn:21245)
[11/11/2020 21:56:34] [plugins/mysql] error #1318 while executing query "CALL `insertItem`(20, 1824408, 1, 159.212906, -154.324997, 5.078600, 8)": Incorrect number of arguments for PROCEDURE surviveall.insertItem; expected 6, got 7 (E:\PRG\Pawn\SurviveAll\gamemodes\SurviveAll.pwn:21242)
[11/11/2020 21:56:34] [plugins/mysql] cache_set_active: invalid cache id '0' (E:\PRG\Pawn\SurviveAll\gamemodes\SurviveAll.pwn:21243)
[11/11/2020 21:56:34] [plugins/mysql] cache_get_value_name_int: no active cache (E:\PRG\Pawn\SurviveAll\gamemodes\SurviveAll.pwn:21244)
[11/11/2020 21:56:34] [plugins/mysql] cache_delete: invalid cache id '0' (E:\PRG\Pawn\SurviveAll\gamemodes\SurviveAll.pwn:21245)
[11/11/2020 21:56:45] [plugins/mysql] error #1318 while executing query "CALL `insertItem`(51, 1824408, 1, -2240.242432, 1043.142456, 83.849899, 8)": Incorrect number of arguments for PROCEDURE surviveall.insertItem; expected 6, got 7 (E:\PRG\Pawn\SurviveAll\gamemodes\SurviveAll.pwn:21242)
[11/11/2020 21:56:45] [plugins/mysql] cache_set_active: invalid cache id '0' (E:\PRG\Pawn\SurviveAll\gamemodes\SurviveAll.pwn:21243)
[11/11/2020 21:56:45] [plugins/mysql] cache_get_value_name_int: no active cache (E:\PRG\Pawn\SurviveAll\gamemodes\SurviveAll.pwn:21244)
[11/11/2020 21:56:45] [plugins/mysql] cache_delete: invalid cache id '0' (E:\PRG\Pawn\SurviveAll\gamemodes\SurviveAll.pwn:21245)
[11/11/2020 21:56:56] [plugins/mysql] error #1318 while executing query "CALL `insertItem`(42, 1824408, 1, -2240.389404, 994.136414, 77.222397, 8)": Incorrect number of arguments for PROCEDURE surviveall.insertItem; expected 6, got 7 (E:\PRG\Pawn\SurviveAll\gamemodes\SurviveAll.pwn:21242)
[11/11/2020 21:56:56] [plugins/mysql] cache_set_active: invalid cache id '0' (E:\PRG\Pawn\SurviveAll\gamemodes\SurviveAll.pwn:21243)
[11/11/2020 21:56:56] [plugins/mysql] cache_get_value_name_int: no active cache (E:\PRG\Pawn\SurviveAll\gamemodes\SurviveAll.pwn:21244)
[11/11/2020 21:56:56] [plugins/mysql] cache_delete: invalid cache id '0' (E:\PRG\Pawn\SurviveAll\gamemodes\SurviveAll.pwn:21245)
[11/11/2020 21:57:08] [plugins/mysql] error #1318 while executing query "CALL `insertItem`(35, 1824408, 1, -2400.882324, 932.062988, 45.624001, 8)": Incorrect number of arguments for PROCEDURE surviveall.insertItem; expected 6, got 7 (E:\PRG\Pawn\SurviveAll\gamemodes\SurviveAll.pwn:21242)
[11/11/2020 21:57:08] [plugins/mysql] cache_set_active: invalid cache id '0' (E:\PRG\Pawn\SurviveAll\gamemodes\SurviveAll.pwn:21243)
[11/11/2020 21:57:08] [plugins/mysql] cache_get_value_name_int: no active cache (E:\PRG\Pawn\SurviveAll\gamemodes\SurviveAll.pwn:21244)
[11/11/2020 21:57:08] [plugins/mysql] cache_delete: invalid cache id '0' (E:\PRG\Pawn\SurviveAll\gamemodes\SurviveAll.pwn:21245)
[11/11/2020 21:57:19] [plugins/mysql] error #1318 while executing query "CALL `insertItem`(37, 1824408, 1, -2238.418701, 1121.009644, 73.168404, 8)": Incorrect number of arguments for PROCEDURE surviveall.insertItem; expected 6, got 7 (E:\PRG\Pawn\SurviveAll\gamemodes\SurviveAll.pwn:21242)
[11/11/2020 21:57:19] [plugins/mysql] cache_set_active: invalid cache id '0' (E:\PRG\Pawn\SurviveAll\gamemodes\SurviveAll.pwn:21243)
[11/11/2020 21:57:19] [plugins/mysql] cache_get_value_name_int: no active cache (E:\PRG\Pawn\SurviveAll\gamemodes\SurviveAll.pwn:21244)
[11/11/2020 21:57:19] [plugins/mysql] cache_delete: invalid cache id '0' (E:\PRG\Pawn\SurviveAll\gamemodes\SurviveAll.pwn:21245)
[11/11/2020 21:57:30] [plugins/mysql] error #1318 while executing query "CALL `insertItem`(31, 1824408, 1, 165.997894, -165.675903, 6.778600, 8)": Incorrect number of arguments for PROCEDURE surviveall.insertItem; expected 6, got 7 (E:\PRG\Pawn\SurviveAll\gamemodes\SurviveAll.pwn:21242)
[11/11/2020 21:57:30] [plugins/mysql] cache_set_active: invalid cache id '0' (E:\PRG\Pawn\SurviveAll\gamemodes\SurviveAll.pwn:21243)
[11/11/2020 21:57:30] [plugins/mysql] cache_get_value_name_int: no active cache (E:\PRG\Pawn\SurviveAll\gamemodes\SurviveAll.pwn:21244)
[11/11/2020 21:57:30] [plugins/mysql] cache_delete: invalid cache id '0' (E:\PRG\Pawn\SurviveAll\gamemodes\SurviveAll.pwn:21245)
[11/11/2020 21:57:41] [plugins/mysql] error #1318 while executing query "CALL `insertItem`(103, 1824408, 1, -2234.800049, 853.666809, 64.369400, 8)": Incorrect number of arguments for PROCEDURE surviveall.insertItem; expected 6, got 7 (E:\PRG\Pawn\SurviveAll\gamemodes\SurviveAll.pwn:21242)
[11/11/2020 21:57:41] [plugins/mysql] cache_set_active: invalid cache id '0' (E:\PRG\Pawn\SurviveAll\gamemodes\SurviveAll.pwn:21243)
[11/11/2020 21:57:41] [plugins/mysql] cache_get_value_name_int: no active cache (E:\PRG\Pawn\SurviveAll\gamemodes\SurviveAll.pwn:21244)
[11/11/2020 21:57:41] [plugins/mysql] cache_delete: invalid cache id '0' (E:\PRG\Pawn\SurviveAll\gamemodes\SurviveAll.pwn:21245)
[11/11/2020 21:57:52] [plugins/mysql] error #1318 while executing query "CALL `insertItem`(91, 1824408, 1, -2223.366699, 1081.641846, 80.007797, 8)": Incorrect number of arguments for PROCEDURE surviveall.insertItem; expected 6, got 7 (E:\PRG\Pawn\SurviveAll\gamemodes\SurviveAll.pwn:21242)
[11/11/2020 21:57:52] [plugins/mysql] cache_set_active: invalid cache id '0' (E:\PRG\Pawn\SurviveAll\gamemodes\SurviveAll.pwn:21243)
[11/11/2020 21:57:52] [plugins/mysql] cache_get_value_name_int: no active cache (E:\PRG\Pawn\SurviveAll\gamemodes\SurviveAll.pwn:21244)
[11/11/2020 21:57:52] [plugins/mysql] cache_delete: invalid cache id '0' (E:\PRG\Pawn\SurviveAll\gamemodes\SurviveAll.pwn:21245)
[11/11/2020 21:58:03] [plugins/mysql] error #1318 while executing query "CALL `insertItem`(37, 1824408, 1, -2741.132324, 796.133911, 53.234600, 8)": Incorrect number of arguments for PROCEDURE surviveall.insertItem; expected 6, got 7 (E:\PRG\Pawn\SurviveAll\gamemodes\SurviveAll.pwn:21242)
[11/11/2020 21:58:03] [plugins/mysql] cache_set_active: invalid cache id '0' (E:\PRG\Pawn\SurviveAll\gamemodes\SurviveAll.pwn:21243)
[11/11/2020 21:58:03] [plugins/mysql] cache_get_value_name_int: no active cache (E:\PRG\Pawn\SurviveAll\gamemodes\SurviveAll.pwn:21244)
[11/11/2020 21:58:03] [plugins/mysql] cache_delete: invalid cache id '0' (E:\PRG\Pawn\SurviveAll\gamemodes\SurviveAll.pwn:21245)
[11/11/2020 21:58:15] [plugins/mysql] error #1318 while executing query "CALL `insertItem`(107, 1824408, 1, -2298.566406, 797.463806, 49.288700, 8)": Incorrect number of arguments for PROCEDURE surviveall.insertItem; expected 6, got 7 (E:\PRG\Pawn\SurviveAll\gamemodes\SurviveAll.pwn:21242)
[11/11/2020 21:58:15] [plugins/mysql] cache_set_active: invalid cache id '0' (E:\PRG\Pawn\SurviveAll\gamemodes\SurviveAll.pwn:21243)
[11/11/2020 21:58:15] [plugins/mysql] cache_get_value_name_int: no active cache (E:\PRG\Pawn\SurviveAll\gamemodes\SurviveAll.pwn:21244)
[11/11/2020 21:58:15] [plugins/mysql] cache_delete: invalid cache id '0' (E:\PRG\Pawn\SurviveAll\gamemodes\SurviveAll.pwn:21245)
[11/11/2020 21:58:26] [log-core] exception 0XC0000005 (ACCESS_VIOLATION) from Vectored Exception Handler catched; shutting log-core down
